2023-04-18 13:55:19,226 [Worker-4: Loading available Gradle versions] INFO  o.e.b.c.i.u.g.PublishedGradleVersions - Gradle version information cache is up-to-date. Trying to read.
2023-04-18 13:56:13,775 [Worker-9: Building] INFO  o.e.m.c.i.l.LifecycleMappingFactory - Using org.eclipse.m2e.jdt.JarLifecycleMapping lifecycle mapping for MavenProject: com.ajocasol:spring-framework:0.0.1-SNAPSHOT @ /home/assisjr/eclipse-workspace/master-spring/spring-framework-2/pom.xml.
2023-04-18 13:56:14,157 [Worker-9: Building] INFO  o.a.m.s.f.DefaultMavenResourcesFiltering - Copying 1 resource
2023-04-18 13:56:14,177 [Worker-9: Building] INFO  o.a.m.s.f.DefaultMavenResourcesFiltering - Copying 0 resource
2023-04-18 13:56:14,185 [Worker-9: Building] INFO  o.a.m.s.f.DefaultMavenResourcesFiltering - skip non existing resourceDirectory /home/assisjr/eclipse-workspace/master-spring/spring-framework-2/src/test/resources
2023-04-18 13:56:15,670 [Worker-9: Building] INFO  o.a.m.s.f.DefaultMavenResourcesFiltering - Copying 1 resource
2023-04-18 13:56:15,689 [Worker-9: Building] INFO  o.a.m.s.f.DefaultMavenResourcesFiltering - Copying 0 resource
2023-04-18 13:56:15,696 [Worker-9: Building] INFO  o.a.m.s.f.DefaultMavenResourcesFiltering - skip non existing resourceDirectory /home/assisjr/eclipse-workspace/master-spring/spring-framework-2/src/test/resources
2023-04-18 13:56:17,230 [Worker-0: Updating Maven Dependencies] INFO  o.e.m.c.i.l.LifecycleMappingFactory - Using org.eclipse.m2e.jdt.JarLifecycleMapping lifecycle mapping for MavenProject: com.ajocasol:spring-framework:0.0.1-SNAPSHOT @ /home/assisjr/eclipse-workspace/master-spring/spring-framework-2/pom.xml.
2023-04-18 13:57:15,837 [Worker-1: Building] INFO  o.e.m.c.i.l.LifecycleMappingFactory - Using org.eclipse.m2e.jdt.JarLifecycleMapping lifecycle mapping for MavenProject: com.ajocasol:spring-framework:0.0.1-SNAPSHOT @ /home/assisjr/eclipse-workspace/master-spring/spring-framework-1/pom.xml.
2023-04-18 13:57:16,803 [Worker-1: Building] INFO  o.a.m.s.f.DefaultMavenResourcesFiltering - Copying 1 resource
2023-04-18 13:57:16,824 [Worker-1: Building] INFO  o.a.m.s.f.DefaultMavenResourcesFiltering - Copying 0 resource
2023-04-18 13:57:16,829 [Worker-1: Building] INFO  o.a.m.s.f.DefaultMavenResourcesFiltering - skip non existing resourceDirectory /home/assisjr/eclipse-workspace/master-spring/spring-framework-1/src/test/resources
2023-04-18 13:57:17,122 [Worker-1: Building] INFO  o.a.m.s.f.DefaultMavenResourcesFiltering - Copying 1 resource
2023-04-18 13:57:17,132 [Worker-1: Building] INFO  o.a.m.s.f.DefaultMavenResourcesFiltering - Copying 0 resource
2023-04-18 13:57:17,135 [Worker-1: Building] INFO  o.a.m.s.f.DefaultMavenResourcesFiltering - skip non existing resourceDirectory /home/assisjr/eclipse-workspace/master-spring/spring-framework-1/src/test/resources
2023-04-18 13:57:18,266 [Worker-4: Updating Maven Dependencies] INFO  o.e.m.c.i.l.LifecycleMappingFactory - Using org.eclipse.m2e.jdt.JarLifecycleMapping lifecycle mapping for MavenProject: com.ajocasol:spring-framework:0.0.1-SNAPSHOT @ /home/assisjr/eclipse-workspace/master-spring/spring-framework-1/pom.xml.
2023-04-18 14:03:46,191 [Worker-12: Building] INFO  o.a.m.s.f.DefaultMavenResourcesFiltering - Copying 1 resource
2023-04-18 14:03:46,224 [Worker-12: Building] INFO  o.a.m.s.f.DefaultMavenResourcesFiltering - Copying 0 resource
2023-04-18 14:03:46,228 [Worker-12: Building] INFO  o.a.m.s.f.DefaultMavenResourcesFiltering - skip non existing resourceDirectory /home/assisjr/eclipse-workspace/master-spring/spring-framework-2/src/test/resources
2023-04-18 14:03:50,554 [Worker-19: Building] INFO  o.a.m.s.f.DefaultMavenResourcesFiltering - Copying 1 resource
2023-04-18 14:03:50,582 [Worker-19: Building] INFO  o.a.m.s.f.DefaultMavenResourcesFiltering - Copying 0 resource
2023-04-18 14:03:50,596 [Worker-19: Building] INFO  o.a.m.s.f.DefaultMavenResourcesFiltering - skip non existing resourceDirectory /home/assisjr/eclipse-workspace/master-spring/spring-framework-2/src/test/resources
2023-04-18 14:04:34,336 [Worker-5: Loading available Gradle versions] INFO  o.e.b.c.i.u.g.PublishedGradleVersions - Gradle version information cache is up-to-date. Trying to read.
2023-04-18 14:08:11,092 [Worker-9: Building] INFO  o.a.m.s.f.DefaultMavenResourcesFiltering - Copying 1 resource
2023-04-18 14:08:11,111 [Worker-9: Building] INFO  o.a.m.s.f.DefaultMavenResourcesFiltering - Copying 0 resource
2023-04-18 14:08:11,115 [Worker-9: Building] INFO  o.a.m.s.f.DefaultMavenResourcesFiltering - skip non existing resourceDirectory /home/assisjr/eclipse-workspace/master-spring/spring-framework-2/src/test/resources
2023-04-18 14:09:42,720 [Start Help Server] INFO  org.eclipse.jetty.server.Server - jetty-10.0.13; built: 2022-12-07T20:13:20.134Z; git: 1c2636ea05c0ca8de1ffd6ca7f3a98ac084c766d; jvm 17.0.6+10
2023-04-18 14:09:42,738 [Start Help Server] INFO  o.e.j.s.s.DefaultSessionIdManager - Session workerName=node0
2023-04-18 14:09:42,765 [Start Help Server] INFO  o.e.j.server.handler.ContextHandler - Started o.e.j.s.ServletContextHandler@6e8ea78b{/help,null,AVAILABLE}
2023-04-18 14:09:42,775 [Start Help Server] INFO  o.e.jetty.server.AbstractConnector - Started ServerConnector@3db6cef8{HTTP/1.1, (http/1.1)}{127.0.0.1:40517}
2023-04-18 14:09:42,776 [Start Help Server] INFO  org.eclipse.jetty.server.Server - Started Server@1bd089df{STARTING}[10.0.13,sto=0] @319374ms
2023-04-18 14:09:46,994 [Worker-21: Building] INFO  o.a.m.s.f.DefaultMavenResourcesFiltering - Copying 1 resource
2023-04-18 14:09:47,011 [Worker-21: Building] INFO  o.a.m.s.f.DefaultMavenResourcesFiltering - Copying 0 resource
2023-04-18 14:09:47,014 [Worker-21: Building] INFO  o.a.m.s.f.DefaultMavenResourcesFiltering - skip non existing resourceDirectory /home/assisjr/eclipse-workspace/master-spring/spring-framework-2/src/test/resources
2023-04-18 14:10:49,526 [Worker-17: Building] INFO  o.a.m.s.f.DefaultMavenResourcesFiltering - Copying 1 resource
2023-04-18 14:10:49,540 [Worker-17: Building] INFO  o.a.m.s.f.DefaultMavenResourcesFiltering - Copying 0 resource
2023-04-18 14:10:49,544 [Worker-17: Building] INFO  o.a.m.s.f.DefaultMavenResourcesFiltering - skip non existing resourceDirectory /home/assisjr/eclipse-workspace/master-spring/spring-framework-2/src/test/resources
2023-04-18 14:30:42,089 [Worker-23: Building] INFO  o.a.m.s.f.DefaultMavenResourcesFiltering - Copying 1 resource
2023-04-18 14:30:42,116 [Worker-23: Building] INFO  o.a.m.s.f.DefaultMavenResourcesFiltering - Copying 0 resource
2023-04-18 14:30:42,119 [Worker-23: Building] INFO  o.a.m.s.f.DefaultMavenResourcesFiltering - skip non existing resourceDirectory /home/assisjr/eclipse-workspace/master-spring/spring-framework-2/src/test/resources
2023-04-18 14:31:27,089 [Worker-23: Building] INFO  o.a.m.s.f.DefaultMavenResourcesFiltering - Copying 1 resource
2023-04-18 14:31:27,110 [Worker-23: Building] INFO  o.a.m.s.f.DefaultMavenResourcesFiltering - Copying 0 resource
2023-04-18 14:31:27,115 [Worker-23: Building] INFO  o.a.m.s.f.DefaultMavenResourcesFiltering - skip non existing resourceDirectory /home/assisjr/eclipse-workspace/master-spring/spring-framework-2/src/test/resources
2023-04-18 14:32:41,212 [Worker-17: Building] INFO  o.a.m.s.f.DefaultMavenResourcesFiltering - Copying 1 resource
2023-04-18 14:32:41,225 [Worker-17: Building] INFO  o.a.m.s.f.DefaultMavenResourcesFiltering - Copying 0 resource
2023-04-18 14:32:41,230 [Worker-17: Building] INFO  o.a.m.s.f.DefaultMavenResourcesFiltering - skip non existing resourceDirectory /home/assisjr/eclipse-workspace/master-spring/spring-framework-2/src/test/resources
2023-04-18 14:33:00,498 [Stop Help Server] INFO  org.eclipse.jetty.server.Server - Stopped Server@1bd089df{STOPPING}[10.0.13,sto=0]
2023-04-18 14:33:00,502 [Stop Help Server] INFO  o.e.jetty.server.AbstractConnector - Stopped ServerConnector@3db6cef8{HTTP/1.1, (http/1.1)}{127.0.0.1:0}
2023-04-18 14:33:00,514 [Stop Help Server] INFO  o.e.j.server.handler.ContextHandler - Stopped o.e.j.s.ServletContextHandler@6e8ea78b{/help,null,STOPPED}
2023-04-18 14:33:24,653 [Worker-0: Loading available Gradle versions] INFO  o.e.b.c.i.u.g.PublishedGradleVersions - Gradle version information cache is up-to-date. Trying to read.
2023-04-18 14:33:58,520 [Worker-11: Building] INFO  o.a.m.s.f.DefaultMavenResourcesFiltering - Copying 1 resource
2023-04-18 14:33:58,543 [Worker-11: Building] INFO  o.a.m.s.f.DefaultMavenResourcesFiltering - Copying 0 resource
2023-04-18 14:33:58,548 [Worker-11: Building] INFO  o.a.m.s.f.DefaultMavenResourcesFiltering - skip non existing resourceDirectory /home/assisjr/eclipse-workspace/master-spring/spring-framework-2/src/test/resources
2023-04-18 14:35:01,415 [Worker-6: Building] INFO  o.a.m.s.f.DefaultMavenResourcesFiltering - Copying 1 resource
2023-04-18 14:35:01,460 [Worker-6: Building] INFO  o.a.m.s.f.DefaultMavenResourcesFiltering - Copying 0 resource
2023-04-18 14:35:01,483 [Worker-6: Building] INFO  o.a.m.s.f.DefaultMavenResourcesFiltering - skip non existing resourceDirectory /home/assisjr/eclipse-workspace/master-spring/spring-framework-2/src/test/resources
2023-04-18 14:36:38,181 [Start Help Server] INFO  org.eclipse.jetty.server.Server - jetty-10.0.13; built: 2022-12-07T20:13:20.134Z; git: 1c2636ea05c0ca8de1ffd6ca7f3a98ac084c766d; jvm 17.0.6+10
2023-04-18 14:36:38,212 [Start Help Server] INFO  o.e.j.s.s.DefaultSessionIdManager - Session workerName=node0
2023-04-18 14:36:38,246 [Start Help Server] INFO  o.e.j.server.handler.ContextHandler - Started o.e.j.s.ServletContextHandler@1fea7281{/help,null,AVAILABLE}
2023-04-18 14:36:38,259 [Start Help Server] INFO  o.e.jetty.server.AbstractConnector - Started ServerConnector@3995657e{HTTP/1.1, (http/1.1)}{127.0.0.1:36973}
2023-04-18 14:36:38,260 [Start Help Server] INFO  org.eclipse.jetty.server.Server - Started Server@65693aad{STARTING}[10.0.13,sto=0] @216149ms
2023-04-18 14:37:08,594 [Worker-10: Building] INFO  o.a.m.s.f.DefaultMavenResourcesFiltering - Copying 1 resource
2023-04-18 14:37:08,614 [Worker-10: Building] INFO  o.a.m.s.f.DefaultMavenResourcesFiltering - Copying 0 resource
2023-04-18 14:37:08,621 [Worker-10: Building] INFO  o.a.m.s.f.DefaultMavenResourcesFiltering - skip non existing resourceDirectory /home/assisjr/eclipse-workspace/master-spring/spring-framework-2/src/test/resources
2023-04-18 14:37:17,519 [Stop Help Server] INFO  org.eclipse.jetty.server.Server - Stopped Server@65693aad{STOPPING}[10.0.13,sto=0]
2023-04-18 14:37:17,524 [Stop Help Server] INFO  o.e.jetty.server.AbstractConnector - Stopped ServerConnector@3995657e{HTTP/1.1, (http/1.1)}{127.0.0.1:0}
2023-04-18 14:37:17,538 [Stop Help Server] INFO  o.e.j.server.handler.ContextHandler - Stopped o.e.j.s.ServletContextHandler@1fea7281{/help,null,STOPPED}
2023-04-18 14:37:35,884 [Worker-4: Loading available Gradle versions] INFO  o.e.b.c.i.u.g.PublishedGradleVersions - Gradle version information cache is up-to-date. Trying to read.
2023-04-18 14:38:44,062 [Worker-5: Building] INFO  o.a.m.s.f.DefaultMavenResourcesFiltering - Copying 1 resource
2023-04-18 14:38:44,096 [Worker-5: Building] INFO  o.a.m.s.f.DefaultMavenResourcesFiltering - Copying 0 resource
2023-04-18 14:38:44,101 [Worker-5: Building] INFO  o.a.m.s.f.DefaultMavenResourcesFiltering - skip non existing resourceDirectory /home/assisjr/eclipse-workspace/master-spring/spring-framework-2/src/test/resources
2023-04-18 14:40:08,421 [Worker-11: Building] INFO  o.a.m.s.f.DefaultMavenResourcesFiltering - Copying 1 resource
2023-04-18 14:40:08,432 [Worker-11: Building] INFO  o.a.m.s.f.DefaultMavenResourcesFiltering - Copying 0 resource
2023-04-18 14:40:08,435 [Worker-11: Building] INFO  o.a.m.s.f.DefaultMavenResourcesFiltering - skip non existing resourceDirectory /home/assisjr/eclipse-workspace/master-spring/spring-framework-2/src/test/resources
2023-04-18 14:41:01,759 [Worker-11: Building] INFO  o.a.m.s.f.DefaultMavenResourcesFiltering - Copying 1 resource
2023-04-18 14:41:01,775 [Worker-11: Building] INFO  o.a.m.s.f.DefaultMavenResourcesFiltering - Copying 0 resource
2023-04-18 14:41:01,779 [Worker-11: Building] INFO  o.a.m.s.f.DefaultMavenResourcesFiltering - skip non existing resourceDirectory /home/assisjr/eclipse-workspace/master-spring/spring-framework-2/src/test/resources
2023-04-18 14:43:20,772 [Worker-12: Building] INFO  o.a.m.s.f.DefaultMavenResourcesFiltering - Copying 1 resource
2023-04-18 14:43:20,781 [Worker-12: Building] INFO  o.a.m.s.f.DefaultMavenResourcesFiltering - Copying 0 resource
2023-04-18 14:43:20,784 [Worker-12: Building] INFO  o.a.m.s.f.DefaultMavenResourcesFiltering - skip non existing resourceDirectory /home/assisjr/eclipse-workspace/master-spring/spring-framework-2/src/test/resources
2023-04-18 14:44:07,119 [Start Help Server] INFO  org.eclipse.jetty.server.Server - jetty-10.0.13; built: 2022-12-07T20:13:20.134Z; git: 1c2636ea05c0ca8de1ffd6ca7f3a98ac084c766d; jvm 17.0.6+10
2023-04-18 14:44:07,138 [Start Help Server] INFO  o.e.j.s.s.DefaultSessionIdManager - Session workerName=node0
2023-04-18 14:44:07,171 [Start Help Server] INFO  o.e.j.server.handler.ContextHandler - Started o.e.j.s.ServletContextHandler@46e4d41b{/help,null,AVAILABLE}
2023-04-18 14:44:07,187 [Start Help Server] INFO  o.e.jetty.server.AbstractConnector - Started ServerConnector@6c5e5078{HTTP/1.1, (http/1.1)}{127.0.0.1:36029}
2023-04-18 14:44:07,189 [Start Help Server] INFO  org.eclipse.jetty.server.Server - Started Server@2513879d{STARTING}[10.0.13,sto=0] @408724ms
2023-04-18 14:44:24,865 [Worker-12: Building] INFO  o.a.m.s.f.DefaultMavenResourcesFiltering - Copying 1 resource
2023-04-18 14:44:24,889 [Worker-12: Building] INFO  o.a.m.s.f.DefaultMavenResourcesFiltering - Copying 0 resource
2023-04-18 14:44:24,892 [Worker-12: Building] INFO  o.a.m.s.f.DefaultMavenResourcesFiltering - skip non existing resourceDirectory /home/assisjr/eclipse-workspace/master-spring/spring-framework-2/src/test/resources
2023-04-18 14:45:00,410 [Worker-3: Building] INFO  o.a.m.s.f.DefaultMavenResourcesFiltering - Copying 1 resource
2023-04-18 14:45:00,426 [Worker-3: Building] INFO  o.a.m.s.f.DefaultMavenResourcesFiltering - Copying 0 resource
2023-04-18 14:45:00,429 [Worker-3: Building] INFO  o.a.m.s.f.DefaultMavenResourcesFiltering - skip non existing resourceDirectory /home/assisjr/eclipse-workspace/master-spring/spring-framework-2/src/test/resources
2023-04-18 14:45:06,324 [Worker-1: Building] INFO  o.a.m.s.f.DefaultMavenResourcesFiltering - Copying 1 resource
2023-04-18 14:45:06,341 [Worker-1: Building] INFO  o.a.m.s.f.DefaultMavenResourcesFiltering - Copying 0 resource
2023-04-18 14:45:06,344 [Worker-1: Building] INFO  o.a.m.s.f.DefaultMavenResourcesFiltering - skip non existing resourceDirectory /home/assisjr/eclipse-workspace/master-spring/spring-framework-2/src/test/resources
2023-04-18 14:47:16,242 [Worker-15: Building] INFO  o.a.m.s.f.DefaultMavenResourcesFiltering - Copying 1 resource
2023-04-18 14:47:16,259 [Worker-15: Building] INFO  o.a.m.s.f.DefaultMavenResourcesFiltering - Copying 0 resource
2023-04-18 14:47:16,271 [Worker-15: Building] INFO  o.a.m.s.f.DefaultMavenResourcesFiltering - skip non existing resourceDirectory /home/assisjr/eclipse-workspace/master-spring/spring-framework-2/src/test/resources
2023-04-18 14:49:07,770 [Worker-1: Building] INFO  o.a.m.s.f.DefaultMavenResourcesFiltering - Copying 1 resource
2023-04-18 14:49:07,778 [Worker-1: Building] INFO  o.a.m.s.f.DefaultMavenResourcesFiltering - Copying 0 resource
2023-04-18 14:49:07,783 [Worker-1: Building] INFO  o.a.m.s.f.DefaultMavenResourcesFiltering - skip non existing resourceDirectory /home/assisjr/eclipse-workspace/master-spring/spring-framework-2/src/test/resources
2023-04-18 14:51:19,347 [Worker-19: Building] INFO  o.a.m.s.f.DefaultMavenResourcesFiltering - Copying 1 resource
2023-04-18 14:51:19,358 [Worker-19: Building] INFO  o.a.m.s.f.DefaultMavenResourcesFiltering - Copying 0 resource
2023-04-18 14:51:19,361 [Worker-19: Building] INFO  o.a.m.s.f.DefaultMavenResourcesFiltering - skip non existing resourceDirectory /home/assisjr/eclipse-workspace/master-spring/spring-framework-2/src/test/resources
2023-04-18 14:52:36,466 [Worker-21: Building] INFO  o.a.m.s.f.DefaultMavenResourcesFiltering - Copying 1 resource
2023-04-18 14:52:36,475 [Worker-21: Building] INFO  o.a.m.s.f.DefaultMavenResourcesFiltering - Copying 0 resource
2023-04-18 14:52:36,478 [Worker-21: Building] INFO  o.a.m.s.f.DefaultMavenResourcesFiltering - skip non existing resourceDirectory /home/assisjr/eclipse-workspace/master-spring/spring-framework-2/src/test/resources
2023-04-18 14:56:41,420 [Worker-1: Building] INFO  o.a.m.s.f.DefaultMavenResourcesFiltering - Copying 1 resource
2023-04-18 14:56:41,429 [Worker-1: Building] INFO  o.a.m.s.f.DefaultMavenResourcesFiltering - Copying 0 resource
2023-04-18 14:56:41,434 [Worker-1: Building] INFO  o.a.m.s.f.DefaultMavenResourcesFiltering - skip non existing resourceDirectory /home/assisjr/eclipse-workspace/master-spring/spring-framework-2/src/test/resources
2023-04-18 14:59:00,541 [Worker-18: Launching DepInjectionLauncherApplication] INFO  o.a.m.s.f.DefaultMavenResourcesFiltering - Copying 1 resource
2023-04-18 14:59:00,551 [Worker-18: Launching DepInjectionLauncherApplication] INFO  o.a.m.s.f.DefaultMavenResourcesFiltering - Copying 0 resource
2023-04-18 14:59:00,554 [Worker-18: Launching DepInjectionLauncherApplication] INFO  o.a.m.s.f.DefaultMavenResourcesFiltering - skip non existing resourceDirectory /home/assisjr/eclipse-workspace/master-spring/spring-framework-2/src/test/resources
2023-04-18 15:03:10,694 [Worker-26: Building] INFO  o.a.m.s.f.DefaultMavenResourcesFiltering - Copying 1 resource
2023-04-18 15:03:10,703 [Worker-26: Building] INFO  o.a.m.s.f.DefaultMavenResourcesFiltering - Copying 0 resource
2023-04-18 15:03:10,705 [Worker-26: Building] INFO  o.a.m.s.f.DefaultMavenResourcesFiltering - skip non existing resourceDirectory /home/assisjr/eclipse-workspace/master-spring/spring-framework-2/src/test/resources
2023-04-18 16:23:51,523 [Stop Help Server] INFO  org.eclipse.jetty.server.Server - Stopped Server@2513879d{STOPPING}[10.0.13,sto=0]
2023-04-18 16:23:51,552 [Stop Help Server] INFO  o.e.jetty.server.AbstractConnector - Stopped ServerConnector@6c5e5078{HTTP/1.1, (http/1.1)}{127.0.0.1:0}
2023-04-18 16:23:51,625 [Stop Help Server] INFO  o.e.j.server.handler.ContextHandler - Stopped o.e.j.s.ServletContextHandler@46e4d41b{/help,null,STOPPED}
2023-04-18 16:24:19,607 [Worker-5: Loading available Gradle versions] INFO  o.e.b.c.i.u.g.PublishedGradleVersions - Gradle version information cache is up-to-date. Trying to read.
2023-04-18 16:29:12,883 [Worker-3: Loading available Gradle versions] INFO  o.e.b.c.i.u.g.PublishedGradleVersions - Gradle version information cache is up-to-date. Trying to read.
2023-04-18 16:29:59,982 [Worker-16: Building] INFO  o.e.m.c.i.l.LifecycleMappingFactory - Using org.eclipse.m2e.jdt.JarLifecycleMapping lifecycle mapping for MavenProject: com.ajocasol:spring-framework:0.0.1-SNAPSHOT @ /home/assisjr/eclipse-workspace/master-spring/business-calculation/pom.xml.
2023-04-18 16:30:00,453 [Worker-16: Building] INFO  o.a.m.s.f.DefaultMavenResourcesFiltering - Copying 1 resource
2023-04-18 16:30:00,474 [Worker-16: Building] INFO  o.a.m.s.f.DefaultMavenResourcesFiltering - Copying 0 resource
2023-04-18 16:30:00,480 [Worker-16: Building] INFO  o.a.m.s.f.DefaultMavenResourcesFiltering - skip non existing resourceDirectory /home/assisjr/eclipse-workspace/master-spring/business-calculation/src/test/resources
2023-04-18 16:30:02,608 [Worker-16: Building] INFO  o.a.m.s.f.DefaultMavenResourcesFiltering - Copying 1 resource
2023-04-18 16:30:02,619 [Worker-16: Building] INFO  o.a.m.s.f.DefaultMavenResourcesFiltering - Copying 0 resource
2023-04-18 16:30:02,623 [Worker-16: Building] INFO  o.a.m.s.f.DefaultMavenResourcesFiltering - skip non existing resourceDirectory /home/assisjr/eclipse-workspace/master-spring/business-calculation/src/test/resources
2023-04-18 16:31:06,712 [Worker-6: Building] INFO  o.a.m.s.f.DefaultMavenResourcesFiltering - Copying 1 resource
2023-04-18 16:31:06,730 [Worker-6: Building] INFO  o.a.m.s.f.DefaultMavenResourcesFiltering - Copying 0 resource
2023-04-18 16:31:06,737 [Worker-6: Building] INFO  o.a.m.s.f.DefaultMavenResourcesFiltering - skip non existing resourceDirectory /home/assisjr/eclipse-workspace/master-spring/business-calculation/src/test/resources
2023-04-18 16:31:48,828 [Worker-12: Building] INFO  o.a.m.s.f.DefaultMavenResourcesFiltering - Copying 1 resource
2023-04-18 16:31:48,843 [Worker-12: Building] INFO  o.a.m.s.f.DefaultMavenResourcesFiltering - Copying 0 resource
2023-04-18 16:31:48,846 [Worker-12: Building] INFO  o.a.m.s.f.DefaultMavenResourcesFiltering - skip non existing resourceDirectory /home/assisjr/eclipse-workspace/master-spring/business-calculation/src/test/resources
2023-04-18 16:32:21,881 [Worker-11: Building] INFO  o.a.m.s.f.DefaultMavenResourcesFiltering - Copying 1 resource
2023-04-18 16:32:21,899 [Worker-11: Building] INFO  o.a.m.s.f.DefaultMavenResourcesFiltering - Copying 0 resource
2023-04-18 16:32:21,909 [Worker-11: Building] INFO  o.a.m.s.f.DefaultMavenResourcesFiltering - skip non existing resourceDirectory /home/assisjr/eclipse-workspace/master-spring/business-calculation/src/test/resources
2023-04-18 16:32:51,764 [Worker-1: Building] INFO  o.a.m.s.f.DefaultMavenResourcesFiltering - Copying 1 resource
2023-04-18 16:32:51,777 [Worker-1: Building] INFO  o.a.m.s.f.DefaultMavenResourcesFiltering - Copying 0 resource
2023-04-18 16:32:51,786 [Worker-1: Building] INFO  o.a.m.s.f.DefaultMavenResourcesFiltering - skip non existing resourceDirectory /home/assisjr/eclipse-workspace/master-spring/business-calculation/src/test/resources
2023-04-18 16:33:34,925 [Worker-10: Building] INFO  o.a.m.s.f.DefaultMavenResourcesFiltering - Copying 1 resource
2023-04-18 16:33:34,935 [Worker-10: Building] INFO  o.a.m.s.f.DefaultMavenResourcesFiltering - Copying 0 resource
2023-04-18 16:33:34,940 [Worker-10: Building] INFO  o.a.m.s.f.DefaultMavenResourcesFiltering - skip non existing resourceDirectory /home/assisjr/eclipse-workspace/master-spring/business-calculation/src/test/resources
2023-04-18 16:34:23,728 [Worker-18: Building] INFO  o.a.m.s.f.DefaultMavenResourcesFiltering - Copying 1 resource
2023-04-18 16:34:23,744 [Worker-18: Building] INFO  o.a.m.s.f.DefaultMavenResourcesFiltering - Copying 0 resource
2023-04-18 16:34:23,755 [Worker-18: Building] INFO  o.a.m.s.f.DefaultMavenResourcesFiltering - skip non existing resourceDirectory /home/assisjr/eclipse-workspace/master-spring/business-calculation/src/test/resources
2023-04-18 16:34:44,272 [Worker-0: Loading available Gradle versions] INFO  o.e.b.c.i.u.g.PublishedGradleVersions - Gradle version information cache is up-to-date. Trying to read.
2023-04-18 16:35:15,823 [Worker-4: Building] INFO  o.a.m.s.f.DefaultMavenResourcesFiltering - Copying 1 resource
2023-04-18 16:35:15,842 [Worker-4: Building] INFO  o.a.m.s.f.DefaultMavenResourcesFiltering - Copying 0 resource
2023-04-18 16:35:15,847 [Worker-4: Building] INFO  o.a.m.s.f.DefaultMavenResourcesFiltering - skip non existing resourceDirectory /home/assisjr/eclipse-workspace/master-spring/business-calculation/src/test/resources
2023-04-18 16:36:56,572 [Worker-12: Building] INFO  o.a.m.s.f.DefaultMavenResourcesFiltering - Copying 1 resource
2023-04-18 16:36:56,581 [Worker-12: Building] INFO  o.a.m.s.f.DefaultMavenResourcesFiltering - Copying 0 resource
2023-04-18 16:36:56,585 [Worker-12: Building] INFO  o.a.m.s.f.DefaultMavenResourcesFiltering - skip non existing resourceDirectory /home/assisjr/eclipse-workspace/master-spring/business-calculation/src/test/resources
2023-04-18 16:38:30,112 [Worker-9: Building] INFO  o.a.m.s.f.DefaultMavenResourcesFiltering - Copying 1 resource
2023-04-18 16:38:30,124 [Worker-9: Building] INFO  o.a.m.s.f.DefaultMavenResourcesFiltering - Copying 0 resource
2023-04-18 16:38:30,127 [Worker-9: Building] INFO  o.a.m.s.f.DefaultMavenResourcesFiltering - skip non existing resourceDirectory /home/assisjr/eclipse-workspace/master-spring/business-calculation/src/test/resources
2023-04-18 16:38:59,194 [Worker-0: Building] INFO  o.a.m.s.f.DefaultMavenResourcesFiltering - Copying 1 resource
2023-04-18 16:38:59,279 [Worker-0: Building] INFO  o.a.m.s.f.DefaultMavenResourcesFiltering - Copying 0 resource
2023-04-18 16:38:59,286 [Worker-0: Building] INFO  o.a.m.s.f.DefaultMavenResourcesFiltering - skip non existing resourceDirectory /home/assisjr/eclipse-workspace/master-spring/business-calculation/src/test/resources
2023-04-18 16:39:03,458 [Worker-18: Building] INFO  o.a.m.s.f.DefaultMavenResourcesFiltering - Copying 1 resource
2023-04-18 16:39:03,499 [Worker-18: Building] INFO  o.a.m.s.f.DefaultMavenResourcesFiltering - Copying 0 resource
2023-04-18 16:39:03,509 [Worker-18: Building] INFO  o.a.m.s.f.DefaultMavenResourcesFiltering - skip non existing resourceDirectory /home/assisjr/eclipse-workspace/master-spring/business-calculation/src/test/resources
2023-04-18 16:39:28,178 [Worker-12: Building] INFO  o.a.m.s.f.DefaultMavenResourcesFiltering - Copying 1 resource
2023-04-18 16:39:28,223 [Worker-12: Building] INFO  o.a.m.s.f.DefaultMavenResourcesFiltering - Copying 0 resource
2023-04-18 16:39:28,236 [Worker-12: Building] INFO  o.a.m.s.f.DefaultMavenResourcesFiltering - skip non existing resourceDirectory /home/assisjr/eclipse-workspace/master-spring/business-calculation/src/test/resources
2023-04-18 16:39:36,190 [Worker-7: Building] INFO  o.a.m.s.f.DefaultMavenResourcesFiltering - Copying 1 resource
2023-04-18 16:39:36,238 [Worker-7: Building] INFO  o.a.m.s.f.DefaultMavenResourcesFiltering - Copying 0 resource
2023-04-18 16:39:36,253 [Worker-7: Building] INFO  o.a.m.s.f.DefaultMavenResourcesFiltering - skip non existing resourceDirectory /home/assisjr/eclipse-workspace/master-spring/business-calculation/src/test/resources
2023-04-18 16:40:29,825 [Worker-16: Building] INFO  o.a.m.s.f.DefaultMavenResourcesFiltering - Copying 1 resource
2023-04-18 16:40:29,896 [Worker-16: Building] INFO  o.a.m.s.f.DefaultMavenResourcesFiltering - Copying 0 resource
2023-04-18 16:40:29,906 [Worker-16: Building] INFO  o.a.m.s.f.DefaultMavenResourcesFiltering - skip non existing resourceDirectory /home/assisjr/eclipse-workspace/master-spring/business-calculation/src/test/resources
2023-04-18 16:41:20,918 [Worker-1: Building] INFO  o.a.m.s.f.DefaultMavenResourcesFiltering - Copying 1 resource
2023-04-18 16:41:20,930 [Worker-1: Building] INFO  o.a.m.s.f.DefaultMavenResourcesFiltering - Copying 0 resource
2023-04-18 16:41:20,934 [Worker-1: Building] INFO  o.a.m.s.f.DefaultMavenResourcesFiltering - skip non existing resourceDirectory /home/assisjr/eclipse-workspace/master-spring/business-calculation/src/test/resources
2023-04-18 16:41:40,530 [Start Help Server] INFO  org.eclipse.jetty.server.Server - jetty-10.0.13; built: 2022-12-07T20:13:20.134Z; git: 1c2636ea05c0ca8de1ffd6ca7f3a98ac084c766d; jvm 17.0.6+10
2023-04-18 16:41:40,547 [Start Help Server] INFO  o.e.j.s.s.DefaultSessionIdManager - Session workerName=node0
2023-04-18 16:41:40,570 [Start Help Server] INFO  o.e.j.server.handler.ContextHandler - Started o.e.j.s.ServletContextHandler@6ec5f4f6{/help,null,AVAILABLE}
2023-04-18 16:41:40,581 [Start Help Server] INFO  o.e.jetty.server.AbstractConnector - Started ServerConnector@7e94941e{HTTP/1.1, (http/1.1)}{127.0.0.1:38039}
2023-04-18 16:41:40,582 [Start Help Server] INFO  org.eclipse.jetty.server.Server - Started Server@7bc08ef1{STARTING}[10.0.13,sto=0] @429418ms
2023-04-18 16:42:09,597 [Worker-7: Building] INFO  o.a.m.s.f.DefaultMavenResourcesFiltering - Copying 1 resource
2023-04-18 16:42:09,607 [Worker-7: Building] INFO  o.a.m.s.f.DefaultMavenResourcesFiltering - Copying 0 resource
2023-04-18 16:42:09,612 [Worker-7: Building] INFO  o.a.m.s.f.DefaultMavenResourcesFiltering - skip non existing resourceDirectory /home/assisjr/eclipse-workspace/master-spring/business-calculation/src/test/resources
2023-04-18 16:42:53,818 [Worker-11: Building] INFO  o.a.m.s.f.DefaultMavenResourcesFiltering - Copying 1 resource
2023-04-18 16:42:53,860 [Worker-11: Building] INFO  o.a.m.s.f.DefaultMavenResourcesFiltering - Copying 0 resource
2023-04-18 16:42:53,870 [Worker-11: Building] INFO  o.a.m.s.f.DefaultMavenResourcesFiltering - skip non existing resourceDirectory /home/assisjr/eclipse-workspace/master-spring/business-calculation/src/test/resources
2023-04-18 16:43:51,069 [Worker-11: Building] INFO  o.a.m.s.f.DefaultMavenResourcesFiltering - Copying 1 resource
2023-04-18 16:43:51,106 [Worker-11: Building] INFO  o.a.m.s.f.DefaultMavenResourcesFiltering - Copying 0 resource
2023-04-18 16:43:51,110 [Worker-11: Building] INFO  o.a.m.s.f.DefaultMavenResourcesFiltering - skip non existing resourceDirectory /home/assisjr/eclipse-workspace/master-spring/business-calculation/src/test/resources
2023-04-18 16:46:35,967 [Worker-9: Building] INFO  o.a.m.s.f.DefaultMavenResourcesFiltering - Copying 1 resource
2023-04-18 16:46:35,981 [Worker-9: Building] INFO  o.a.m.s.f.DefaultMavenResourcesFiltering - Copying 0 resource
2023-04-18 16:46:35,984 [Worker-9: Building] INFO  o.a.m.s.f.DefaultMavenResourcesFiltering - skip non existing resourceDirectory /home/assisjr/eclipse-workspace/master-spring/business-calculation/src/test/resources
2023-04-18 16:47:02,963 [Worker-13: Building] INFO  o.a.m.s.f.DefaultMavenResourcesFiltering - Copying 1 resource
2023-04-18 16:47:02,973 [Worker-13: Building] INFO  o.a.m.s.f.DefaultMavenResourcesFiltering - Copying 0 resource
2023-04-18 16:47:02,977 [Worker-13: Building] INFO  o.a.m.s.f.DefaultMavenResourcesFiltering - skip non existing resourceDirectory /home/assisjr/eclipse-workspace/master-spring/business-calculation/src/test/resources
2023-04-18 16:47:58,747 [Worker-0: Building] INFO  o.a.m.s.f.DefaultMavenResourcesFiltering - Copying 1 resource
2023-04-18 16:47:58,779 [Worker-0: Building] INFO  o.a.m.s.f.DefaultMavenResourcesFiltering - Copying 0 resource
2023-04-18 16:47:58,782 [Worker-0: Building] INFO  o.a.m.s.f.DefaultMavenResourcesFiltering - skip non existing resourceDirectory /home/assisjr/eclipse-workspace/master-spring/business-calculation/src/test/resources
2023-04-18 16:48:57,543 [Worker-14: Building] INFO  o.a.m.s.f.DefaultMavenResourcesFiltering - Copying 1 resource
2023-04-18 16:48:57,558 [Worker-14: Building] INFO  o.a.m.s.f.DefaultMavenResourcesFiltering - Copying 0 resource
2023-04-18 16:48:57,562 [Worker-14: Building] INFO  o.a.m.s.f.DefaultMavenResourcesFiltering - skip non existing resourceDirectory /home/assisjr/eclipse-workspace/master-spring/business-calculation/src/test/resources
2023-04-18 16:54:28,970 [Worker-20: Building] INFO  o.a.m.s.f.DefaultMavenResourcesFiltering - Copying 1 resource
2023-04-18 16:54:28,979 [Worker-20: Building] INFO  o.a.m.s.f.DefaultMavenResourcesFiltering - Copying 0 resource
2023-04-18 16:54:28,983 [Worker-20: Building] INFO  o.a.m.s.f.DefaultMavenResourcesFiltering - skip non existing resourceDirectory /home/assisjr/eclipse-workspace/master-spring/business-calculation/src/test/resources
2023-04-18 16:58:13,620 [Worker-21: Building] INFO  o.a.m.s.f.DefaultMavenResourcesFiltering - Copying 1 resource
2023-04-18 16:58:13,641 [Worker-21: Building] INFO  o.a.m.s.f.DefaultMavenResourcesFiltering - Copying 0 resource
2023-04-18 16:58:13,649 [Worker-21: Building] INFO  o.a.m.s.f.DefaultMavenResourcesFiltering - skip non existing resourceDirectory /home/assisjr/eclipse-workspace/master-spring/business-calculation/src/test/resources
2023-04-18 17:02:33,478 [Worker-19: Building] INFO  o.a.m.s.f.DefaultMavenResourcesFiltering - Copying 1 resource
2023-04-18 17:02:33,492 [Worker-19: Building] INFO  o.a.m.s.f.DefaultMavenResourcesFiltering - Copying 0 resource
2023-04-18 17:02:33,494 [Worker-19: Building] INFO  o.a.m.s.f.DefaultMavenResourcesFiltering - skip non existing resourceDirectory /home/assisjr/eclipse-workspace/master-spring/business-calculation/src/test/resources
2023-04-18 17:04:35,318 [Worker-3: Building] INFO  o.a.m.s.f.DefaultMavenResourcesFiltering - Copying 1 resource
2023-04-18 17:04:35,327 [Worker-3: Building] INFO  o.a.m.s.f.DefaultMavenResourcesFiltering - Copying 0 resource
2023-04-18 17:04:35,332 [Worker-3: Building] INFO  o.a.m.s.f.DefaultMavenResourcesFiltering - skip non existing resourceDirectory /home/assisjr/eclipse-workspace/master-spring/business-calculation/src/test/resources
2023-04-18 17:04:48,722 [Worker-21: Building] INFO  o.a.m.s.f.DefaultMavenResourcesFiltering - Copying 1 resource
2023-04-18 17:04:48,737 [Worker-21: Building] INFO  o.a.m.s.f.DefaultMavenResourcesFiltering - Copying 0 resource
2023-04-18 17:04:48,740 [Worker-21: Building] INFO  o.a.m.s.f.DefaultMavenResourcesFiltering - skip non existing resourceDirectory /home/assisjr/eclipse-workspace/master-spring/business-calculation/src/test/resources
2023-04-18 17:05:30,556 [Worker-20: Building] INFO  o.a.m.s.f.DefaultMavenResourcesFiltering - Copying 1 resource
2023-04-18 17:05:30,627 [Worker-20: Building] INFO  o.a.m.s.f.DefaultMavenResourcesFiltering - Copying 0 resource
2023-04-18 17:05:30,632 [Worker-20: Building] INFO  o.a.m.s.f.DefaultMavenResourcesFiltering - skip non existing resourceDirectory /home/assisjr/eclipse-workspace/master-spring/business-calculation/src/test/resources
2023-04-18 17:06:13,351 [Worker-5: Building] INFO  o.a.m.s.f.DefaultMavenResourcesFiltering - Copying 1 resource
2023-04-18 17:06:13,371 [Worker-5: Building] INFO  o.a.m.s.f.DefaultMavenResourcesFiltering - Copying 0 resource
2023-04-18 17:06:13,386 [Worker-5: Building] INFO  o.a.m.s.f.DefaultMavenResourcesFiltering - skip non existing resourceDirectory /home/assisjr/eclipse-workspace/master-spring/business-calculation/src/test/resources
2023-04-18 17:10:25,193 [Worker-23: Building] INFO  o.a.m.s.f.DefaultMavenResourcesFiltering - Copying 1 resource
2023-04-18 17:10:25,207 [Worker-23: Building] INFO  o.a.m.s.f.DefaultMavenResourcesFiltering - Copying 0 resource
2023-04-18 17:10:25,209 [Worker-23: Building] INFO  o.a.m.s.f.DefaultMavenResourcesFiltering - skip non existing resourceDirectory /home/assisjr/eclipse-workspace/master-spring/business-calculation/src/test/resources
2023-04-18 17:10:44,534 [Worker-3: Building] INFO  o.a.m.s.f.DefaultMavenResourcesFiltering - Copying 1 resource
2023-04-18 17:10:44,548 [Worker-3: Building] INFO  o.a.m.s.f.DefaultMavenResourcesFiltering - Copying 0 resource
2023-04-18 17:10:44,551 [Worker-3: Building] INFO  o.a.m.s.f.DefaultMavenResourcesFiltering - skip non existing resourceDirectory /home/assisjr/eclipse-workspace/master-spring/business-calculation/src/test/resources
2023-04-18 17:12:16,592 [Worker-19: Building] INFO  o.a.m.s.f.DefaultMavenResourcesFiltering - Copying 1 resource
2023-04-18 17:12:16,600 [Worker-19: Building] INFO  o.a.m.s.f.DefaultMavenResourcesFiltering - Copying 0 resource
2023-04-18 17:12:16,602 [Worker-19: Building] INFO  o.a.m.s.f.DefaultMavenResourcesFiltering - skip non existing resourceDirectory /home/assisjr/eclipse-workspace/master-spring/business-calculation/src/test/resources
2023-04-18 17:12:50,596 [Worker-21: Building] INFO  o.a.m.s.f.DefaultMavenResourcesFiltering - Copying 1 resource
2023-04-18 17:12:50,606 [Worker-21: Building] INFO  o.a.m.s.f.DefaultMavenResourcesFiltering - Copying 0 resource
2023-04-18 17:12:50,616 [Worker-21: Building] INFO  o.a.m.s.f.DefaultMavenResourcesFiltering - skip non existing resourceDirectory /home/assisjr/eclipse-workspace/master-spring/business-calculation/src/test/resources
